# JRE version: Java(TM) SE Runtime Environment (8.0_111-b14) (build 1.8.0_111-b14)
# Java VM: Java HotSpot(TM) 64-Bit Server VM (25.111-b14 mixed mode windows-amd64 compressed oops)
Heap:
 PSYoungGen      total 484864K, used 151162K [0x00000000d7000000, 0x00000000f6380000, 0x0000000100000000)
  eden space 466944K, 28% used [0x00000000d7000000,0x00000000df222a18,0x00000000f3800000)
  from space 17920K, 99% used [0x00000000f4d80000,0x00000000f5efc060,0x00000000f5f00000)
  to   space 22016K, 0% used [0x00000000f3800000,0x00000000f3800000,0x00000000f4d80000)
 ParOldGen       total 118272K, used 49152K [0x0000000085000000, 0x000000008c380000, 0x00000000d7000000)
  object space 118272K, 41% used [0x0000000085000000,0x0000000088000378,0x000000008c380000)
 Metaspace       used 73483K, capacity 77022K, committed 77144K, reserved 1116160K
  class space    used 10151K, capacity 10796K, committed 10880K, reserved 1048576K
GC Heap History (10 events):
Event: 12.553 GC heap before
{Heap before GC invocations=13 (full 2):
 PSYoungGen      total 297984K, used 297717K [0x00000000d7000000, 0x00000000ebe80000, 0x0000000100000000)
  eden space 288768K, 100% used [0x00000000d7000000,0x00000000e8a00000,0x00000000e8a00000)
  from space 9216K, 97% used [0x00000000eb580000,0x00000000ebe3d7e8,0x00000000ebe80000)
  to   space 15360K, 0% used [0x00000000ea080000,0x00000000ea080000,0x00000000eaf80000)
 ParOldGen       total 76800K, used 21697K [0x0000000085000000, 0x0000000089b00000, 0x00000000d7000000)
  object space 76800K, 28% used [0x0000000085000000,0x00000000865306e8,0x0000000089b00000)
 Metaspace       used 43902K, capacity 46192K, committed 46336K, reserved 1089536K
  class space    used 5920K, capacity 6358K, committed 6400K, reserved 1048576K
Event: 12.566 GC heap after
Heap after GC invocations=13 (full 2):
 PSYoungGen      total 327168K, used 10336K [0x00000000d7000000, 0x00000000f0280000, 0x0000000100000000)
  eden space 311808K, 0% used [0x00000000d7000000,0x00000000d7000000,0x00000000ea080000)
  from space 15360K, 67% used [0x00000000ea080000,0x00000000eaa98378,0x00000000eaf80000)
  to   space 15360K, 0% used [0x00000000ef380000,0x00000000ef380000,0x00000000f0280000)
 ParOldGen       total 76800K, used 26721K [0x0000000085000000, 0x0000000089b00000, 0x00000000d7000000)
  object space 76800K, 34% used [0x0000000085000000,0x0000000086a18778,0x0000000089b00000)
 Metaspace       used 43902K, capacity 46192K, committed 46336K, reserved 1089536K
  class space    used 5920K, capacity 6358K, committed 6400K, reserved 1048576K
}
Event: 14.123 GC heap before
{Heap before GC invocations=14 (full 2):
 PSYoungGen      total 327168K, used 240473K [0x00000000d7000000, 0x00000000f0280000, 0x0000000100000000)
  eden space 311808K, 73% used [0x00000000d7000000,0x00000000e50be1f0,0x00000000ea080000)
  from space 15360K, 67% used [0x00000000ea080000,0x00000000eaa98378,0x00000000eaf80000)
  to   space 15360K, 0% used [0x00000000ef380000,0x00000000ef380000,0x00000000f0280000)
 ParOldGen       total 76800K, used 26721K [0x0000000085000000, 0x0000000089b00000, 0x00000000d7000000)
  object space 76800K, 34% used [0x0000000085000000,0x0000000086a18778,0x0000000089b00000)
 Metaspace       used 56545K, capacity 58926K, committed 59096K, reserved 1099776K
  class space    used 7656K, capacity 8107K, committed 8192K, reserved 1048576K
Event: 14.138 GC heap after
Heap after GC invocations=14 (full 2):
 PSYoungGen      total 395264K, used 14976K [0x00000000d7000000, 0x00000000f1f00000, 0x0000000100000000)
  eden space 379904K, 0% used [0x00000000d7000000,0x00000000d7000000,0x00000000ee300000)
  from space 15360K, 97% used [0x00000000ef380000,0x00000000f0220238,0x00000000f0280000)
  to   space 16896K, 0% used [0x00000000ee300000,0x00000000ee300000,0x00000000ef380000)
 ParOldGen       total 76800K, used 33556K [0x0000000085000000, 0x0000000089b00000, 0x00000000d7000000)
  object space 76800K, 43% used [0x0000000085000000,0x00000000870c51b0,0x0000000089b00000)
 Metaspace       used 56545K, capacity 58926K, committed 59096K, reserved 1099776K
  class space    used 7656K, capacity 8107K, committed 8192K, reserved 1048576K
}
Event: 14.138 GC heap before
{Heap before GC invocations=15 (full 3):
 PSYoungGen      total 395264K, used 14976K [0x00000000d7000000, 0x00000000f1f00000, 0x0000000100000000)
  eden space 379904K, 0% used [0x00000000d7000000,0x00000000d7000000,0x00000000ee300000)
  from space 15360K, 97% used [0x00000000ef380000,0x00000000f0220238,0x00000000f0280000)
  to   space 16896K, 0% used [0x00000000ee300000,0x00000000ee300000,0x00000000ef380000)
 ParOldGen       total 76800K, used 33556K [0x0000000085000000, 0x0000000089b00000, 0x00000000d7000000)
  object space 76800K, 43% used [0x0000000085000000,0x00000000870c51b0,0x0000000089b00000)
 Metaspace       used 56545K, capacity 58926K, committed 59096K, reserved 1099776K
  class space    used 7656K, capacity 8107K, committed 8192K, reserved 1048576K
Event: 14.296 GC heap after
Heap after GC invocations=15 (full 3):
 PSYoungGen      total 395264K, used 0K [0x00000000d7000000, 0x00000000f1f00000, 0x0000000100000000)
  eden space 379904K, 0% used [0x00000000d7000000,0x00000000d7000000,0x00000000ee300000)
  from space 15360K, 0% used [0x00000000ef380000,0x00000000ef380000,0x00000000f0280000)
  to   space 16896K, 0% used [0x00000000ee300000,0x00000000ee300000,0x00000000ef380000)
 ParOldGen       total 118272K, used 43446K [0x0000000085000000, 0x000000008c380000, 0x00000000d7000000)
  object space 118272K, 36% used [0x0000000085000000,0x0000000087a6d8b0,0x000000008c380000)
 Metaspace       used 56545K, capacity 58926K, committed 59096K, reserved 1099776K
  class space    used 7656K, capacity 8107K, committed 8192K, reserved 1048576K
}
Event: 16.574 GC heap before
{Heap before GC invocations=16 (full 3):
 PSYoungGen      total 395264K, used 379904K [0x00000000d7000000, 0x00000000f1f00000, 0x0000000100000000)
  eden space 379904K, 100% used [0x00000000d7000000,0x00000000ee300000,0x00000000ee300000)
  from space 15360K, 0% used [0x00000000ef380000,0x00000000ef380000,0x00000000f0280000)
  to   space 16896K, 0% used [0x00000000ee300000,0x00000000ee300000,0x00000000ef380000)
 ParOldGen       total 118272K, used 43446K [0x0000000085000000, 0x000000008c380000, 0x00000000d7000000)
  object space 118272K, 36% used [0x0000000085000000,0x0000000087a6d8b0,0x000000008c380000)
 Metaspace       used 62172K, capacity 65226K, committed 65368K, reserved 1105920K
  class space    used 8456K, capacity 9035K, committed 9088K, reserved 1048576K
Event: 16.586 GC heap after
Heap after GC invocations=16 (full 3):
 PSYoungGen      total 396800K, used 13405K [0x00000000d7000000, 0x00000000f5f00000, 0x0000000100000000)
  eden space 379904K, 0% used [0x00000000d7000000,0x00000000d7000000,0x00000000ee300000)
  from space 16896K, 79% used [0x00000000ee300000,0x00000000ef017668,0x00000000ef380000)
  to   space 17920K, 0% used [0x00000000f4d80000,0x00000000f4d80000,0x00000000f5f00000)
 ParOldGen       total 118272K, used 43454K [0x0000000085000000, 0x000000008c380000, 0x00000000d7000000)
  object space 118272K, 36% used [0x0000000085000000,0x0000000087a6f8b0,0x000000008c380000)
 Metaspace       used 62172K, capacity 65226K, committed 65368K, reserved 1105920K
  class space    used 8456K, capacity 9035K, committed 9088K, reserved 1048576K
}
Event: 18.682 GC heap before
{Heap before GC invocations=17 (full 3):
 PSYoungGen      total 396800K, used 393309K [0x00000000d7000000, 0x00000000f5f00000, 0x0000000100000000)
  eden space 379904K, 100% used [0x00000000d7000000,0x00000000ee300000,0x00000000ee300000)
  from space 16896K, 79% used [0x00000000ee300000,0x00000000ef017668,0x00000000ef380000)
  to   space 17920K, 0% used [0x00000000f4d80000,0x00000000f4d80000,0x00000000f5f00000)
 ParOldGen       total 118272K, used 43454K [0x0000000085000000, 0x000000008c380000, 0x00000000d7000000)
  object space 118272K, 36% used [0x0000000085000000,0x0000000087a6f8b0,0x000000008c380000)
 Metaspace       used 69611K, capacity 73148K, committed 73432K, reserved 1112064K
  class space    used 9560K, capacity 10185K, committed 10240K, reserved 1048576K
Event: 18.700 GC heap after
Heap after GC invocations=17 (full 3):
 PSYoungGen      total 484864K, used 17904K [0x00000000d7000000, 0x00000000f6380000, 0x0000000100000000)
  eden space 466944K, 0% used [0x00000000d7000000,0x00000000d7000000,0x00000000f3800000)
  from space 17920K, 99% used [0x00000000f4d80000,0x00000000f5efc060,0x00000000f5f00000)
  to   space 22016K, 0% used [0x00000000f3800000,0x00000000f3800000,0x00000000f4d80000)
 ParOldGen       total 118272K, used 49152K [0x0000000085000000, 0x000000008c380000, 0x00000000d7000000)
  object space 118272K, 41% used [0x0000000085000000,0x0000000088000378,0x000000008c380000)
 Metaspace       used 69611K, capacity 73148K, committed 73432K, reserved 1112064K
  class space    used 9560K, capacity 10185K, committed 10240K, reserved 1048576K
}

