# JRE version: Java(TM) SE Runtime Environment (8.0_111-b14) (build 1.8.0_111-b14)
# Java VM: Java HotSpot(TM) 64-Bit Server VM (25.111-b14 mixed mode windows-amd64 compressed oops)
Heap:
 PSYoungGen      total 444928K, used 110105K [0x00000000d7000000, 0x00000000f5600000, 0x0000000100000000)
  eden space 428032K, 21% used [0x00000000d7000000,0x00000000dcb09ae8,0x00000000f1200000)
  from space 16896K, 99% used [0x00000000f2300000,0x00000000f337cb90,0x00000000f3380000)
  to   space 17408K, 0% used [0x00000000f1200000,0x00000000f1200000,0x00000000f2300000)
 ParOldGen       total 112640K, used 49521K [0x0000000085000000, 0x000000008be00000, 0x00000000d7000000)
  object space 112640K, 43% used [0x0000000085000000,0x000000008805c5f8,0x000000008be00000)
 Metaspace       used 73578K, capacity 77208K, committed 77400K, reserved 1116160K
  class space    used 10150K, capacity 10797K, committed 10880K, reserved 1048576K
GC Heap History (10 events):
Event: 11.749 GC heap before
{Heap before GC invocations=13 (full 2):
 PSYoungGen      total 332288K, used 332202K [0x00000000d7000000, 0x00000000ee880000, 0x0000000100000000)
  eden space 322560K, 100% used [0x00000000d7000000,0x00000000eab00000,0x00000000eab00000)
  from space 9728K, 99% used [0x00000000edf00000,0x00000000ee86abf8,0x00000000ee880000)
  to   space 16896K, 0% used [0x00000000ec780000,0x00000000ec780000,0x00000000ed800000)
 ParOldGen       total 75776K, used 23082K [0x0000000085000000, 0x0000000089a00000, 0x00000000d7000000)
  object space 75776K, 30% used [0x0000000085000000,0x000000008668a950,0x0000000089a00000)
 Metaspace       used 44257K, capacity 46520K, committed 46720K, reserved 1089536K
  class space    used 5969K, capacity 6402K, committed 6528K, reserved 1048576K
Event: 11.763 GC heap after
Heap after GC invocations=13 (full 2):
 PSYoungGen      total 368640K, used 10753K [0x00000000d7000000, 0x00000000f3380000, 0x0000000100000000)
  eden space 351744K, 0% used [0x00000000d7000000,0x00000000d7000000,0x00000000ec780000)
  from space 16896K, 63% used [0x00000000ec780000,0x00000000ed2004e0,0x00000000ed800000)
  to   space 16896K, 0% used [0x00000000f2300000,0x00000000f2300000,0x00000000f3380000)
 ParOldGen       total 75776K, used 28420K [0x0000000085000000, 0x0000000089a00000, 0x00000000d7000000)
  object space 75776K, 37% used [0x0000000085000000,0x0000000086bc1370,0x0000000089a00000)
 Metaspace       used 44257K, capacity 46520K, committed 46720K, reserved 1089536K
  class space    used 5969K, capacity 6402K, committed 6528K, reserved 1048576K
}
Event: 13.103 GC heap before
{Heap before GC invocations=14 (full 2):
 PSYoungGen      total 368640K, used 188628K [0x00000000d7000000, 0x00000000f3380000, 0x0000000100000000)
  eden space 351744K, 50% used [0x00000000d7000000,0x00000000e1db4c40,0x00000000ec780000)
  from space 16896K, 63% used [0x00000000ec780000,0x00000000ed2004e0,0x00000000ed800000)
  to   space 16896K, 0% used [0x00000000f2300000,0x00000000f2300000,0x00000000f3380000)
 ParOldGen       total 75776K, used 28420K [0x0000000085000000, 0x0000000089a00000, 0x00000000d7000000)
  object space 75776K, 37% used [0x0000000085000000,0x0000000086bc1370,0x0000000089a00000)
 Metaspace       used 56562K, capacity 58922K, committed 59096K, reserved 1099776K
  class space    used 7655K, capacity 8107K, committed 8192K, reserved 1048576K
Event: 13.120 GC heap after
Heap after GC invocations=14 (full 2):
 PSYoungGen      total 444928K, used 13565K [0x00000000d7000000, 0x00000000f5600000, 0x0000000100000000)
  eden space 428032K, 0% used [0x00000000d7000000,0x00000000d7000000,0x00000000f1200000)
  from space 16896K, 80% used [0x00000000f2300000,0x00000000f303f660,0x00000000f3380000)
  to   space 17408K, 0% used [0x00000000f1200000,0x00000000f1200000,0x00000000f2300000)
 ParOldGen       total 75776K, used 36173K [0x0000000085000000, 0x0000000089a00000, 0x00000000d7000000)
  object space 75776K, 47% used [0x0000000085000000,0x0000000087353428,0x0000000089a00000)
 Metaspace       used 56562K, capacity 58922K, committed 59096K, reserved 1099776K
  class space    used 7655K, capacity 8107K, committed 8192K, reserved 1048576K
}
Event: 13.120 GC heap before
{Heap before GC invocations=15 (full 3):
 PSYoungGen      total 444928K, used 13565K [0x00000000d7000000, 0x00000000f5600000, 0x0000000100000000)
  eden space 428032K, 0% used [0x00000000d7000000,0x00000000d7000000,0x00000000f1200000)
  from space 16896K, 80% used [0x00000000f2300000,0x00000000f303f660,0x00000000f3380000)
  to   space 17408K, 0% used [0x00000000f1200000,0x00000000f1200000,0x00000000f2300000)
 ParOldGen       total 75776K, used 36173K [0x0000000085000000, 0x0000000089a00000, 0x00000000d7000000)
  object space 75776K, 47% used [0x0000000085000000,0x0000000087353428,0x0000000089a00000)
 Metaspace       used 56562K, capacity 58922K, committed 59096K, reserved 1099776K
  class space    used 7655K, capacity 8107K, committed 8192K, reserved 1048576K
Event: 13.246 GC heap after
Heap after GC invocations=15 (full 3):
 PSYoungGen      total 444928K, used 0K [0x00000000d7000000, 0x00000000f5600000, 0x0000000100000000)
  eden space 428032K, 0% used [0x00000000d7000000,0x00000000d7000000,0x00000000f1200000)
  from space 16896K, 0% used [0x00000000f2300000,0x00000000f2300000,0x00000000f3380000)
  to   space 17408K, 0% used [0x00000000f1200000,0x00000000f1200000,0x00000000f2300000)
 ParOldGen       total 112640K, used 43285K [0x0000000085000000, 0x000000008be00000, 0x00000000d7000000)
  object space 112640K, 38% used [0x0000000085000000,0x0000000087a45428,0x000000008be00000)
 Metaspace       used 56562K, capacity 58922K, committed 59096K, reserved 1099776K
  class space    used 7655K, capacity 8107K, committed 8192K, reserved 1048576K
}
Event: 15.731 GC heap before
{Heap before GC invocations=16 (full 3):
 PSYoungGen      total 444928K, used 428032K [0x00000000d7000000, 0x00000000f5600000, 0x0000000100000000)
  eden space 428032K, 100% used [0x00000000d7000000,0x00000000f1200000,0x00000000f1200000)
  from space 16896K, 0% used [0x00000000f2300000,0x00000000f2300000,0x00000000f3380000)
  to   space 17408K, 0% used [0x00000000f1200000,0x00000000f1200000,0x00000000f2300000)
 ParOldGen       total 112640K, used 43285K [0x0000000085000000, 0x000000008be00000, 0x00000000d7000000)
  object space 112640K, 38% used [0x0000000085000000,0x0000000087a45428,0x000000008be00000)
 Metaspace       used 62932K, capacity 66180K, committed 66264K, reserved 1105920K
  class space    used 8580K, capacity 9150K, committed 9216K, reserved 1048576K
Event: 15.745 GC heap after
Heap after GC invocations=16 (full 3):
 PSYoungGen      total 445440K, used 15164K [0x00000000d7000000, 0x00000000f5600000, 0x0000000100000000)
  eden space 428032K, 0% used [0x00000000d7000000,0x00000000d7000000,0x00000000f1200000)
  from space 17408K, 87% used [0x00000000f1200000,0x00000000f20cf240,0x00000000f2300000)
  to   space 16896K, 0% used [0x00000000f2300000,0x00000000f2300000,0x00000000f3380000)
 ParOldGen       total 112640K, used 43293K [0x0000000085000000, 0x000000008be00000, 0x00000000d7000000)
  object space 112640K, 38% used [0x0000000085000000,0x0000000087a47428,0x000000008be00000)
 Metaspace       used 62932K, capacity 66180K, committed 66264K, reserved 1105920K
  class space    used 8580K, capacity 9150K, committed 9216K, reserved 1048576K
}
Event: 18.060 GC heap before
{Heap before GC invocations=17 (full 3):
 PSYoungGen      total 445440K, used 443196K [0x00000000d7000000, 0x00000000f5600000, 0x0000000100000000)
  eden space 428032K, 100% used [0x00000000d7000000,0x00000000f1200000,0x00000000f1200000)
  from space 17408K, 87% used [0x00000000f1200000,0x00000000f20cf240,0x00000000f2300000)
  to   space 16896K, 0% used [0x00000000f2300000,0x00000000f2300000,0x00000000f3380000)
 ParOldGen       total 112640K, used 43293K [0x0000000085000000, 0x000000008be00000, 0x00000000d7000000)
  object space 112640K, 38% used [0x0000000085000000,0x0000000087a47428,0x000000008be00000)
 Metaspace       used 73430K, capacity 76976K, committed 77144K, reserved 1116160K
  class space    used 10141K, capacity 10789K, committed 10880K, reserved 1048576K
Event: 18.087 GC heap after
Heap after GC invocations=17 (full 3):
 PSYoungGen      total 444928K, used 16882K [0x00000000d7000000, 0x00000000f5600000, 0x0000000100000000)
  eden space 428032K, 0% used [0x00000000d7000000,0x00000000d7000000,0x00000000f1200000)
  from space 16896K, 99% used [0x00000000f2300000,0x00000000f337cb90,0x00000000f3380000)
  to   space 17408K, 0% used [0x00000000f1200000,0x00000000f1200000,0x00000000f2300000)
 ParOldGen       total 112640K, used 49521K [0x0000000085000000, 0x000000008be00000, 0x00000000d7000000)
  object space 112640K, 43% used [0x0000000085000000,0x000000008805c5f8,0x000000008be00000)
 Metaspace       used 73430K, capacity 76976K, committed 77144K, reserved 1116160K
  class space    used 10141K, capacity 10789K, committed 10880K, reserved 1048576K
}

